2020-03-01 09:49:25,666 INFO [org.springframework.test.context.support.DefaultTestContextBootstrapper] - Loaded default TestExecutionListener class names from location [META-INF/spring.factories]: [org.springframework.test.context.web.ServletTestExecutionListener, org.springframework.test.context.support.DirtiesContextBeforeModesTestExecutionListener, org.springframework.test.context.support.DependencyInjectionTestExecutionListener, org.springframework.test.context.support.DirtiesContextTestExecutionListener, org.springframework.test.context.transaction.TransactionalTestExecutionListener, org.springframework.test.context.jdbc.SqlScriptsTestExecutionListener]
2020-03-01 09:49:25,781 INFO [org.springframework.test.context.support.DefaultTestContextBootstrapper] - Using TestExecutionListeners: [org.springframework.test.context.web.ServletTestExecutionListener@28d25987, org.springframework.test.context.support.DirtiesContextBeforeModesTestExecutionListener@4501b7af, org.springframework.test.context.support.DependencyInjectionTestExecutionListener@523884b2, org.springframework.test.context.support.DirtiesContextTestExecutionListener@5b275dab, org.springframework.test.context.transaction.TransactionalTestExecutionListener@61832929, org.springframework.test.context.jdbc.SqlScriptsTestExecutionListener@29774679]
2020-03-01 09:49:26,189 INFO [org.springframework.beans.factory.xml.XmlBeanDefinitionReader] - Loading XML bean definitions from class path resource [spring-context.xml]
2020-03-01 09:49:27,545 INFO [org.springframework.beans.factory.xml.XmlBeanDefinitionReader] - Loading XML bean definitions from class path resource [spring-context-druid.xml]
2020-03-01 09:49:27,669 INFO [org.springframework.beans.factory.xml.XmlBeanDefinitionReader] - Loading XML bean definitions from class path resource [spring-context-mybatis.xml]
2020-03-01 09:49:27,735 INFO [org.springframework.context.support.GenericApplicationContext] - Refreshing org.springframework.context.support.GenericApplicationContext@71318ec4: startup date [Sun Mar 01 09:49:27 CST 2020]; root of context hierarchy
2020-03-01 09:49:29,952 INFO [com.alibaba.druid.pool.DruidDataSource] - {dataSource-1} inited
2020-03-01 09:49:31,436 INFO [org.springframework.context.support.GenericApplicationContext] - Closing org.springframework.context.support.GenericApplicationContext@71318ec4: startup date [Sun Mar 01 09:49:27 CST 2020]; root of context hierarchy
2020-03-01 09:49:31,448 INFO [com.alibaba.druid.pool.DruidDataSource] - {dataSource-1} closed
2020-03-01 11:08:09,956 INFO [org.springframework.test.context.support.DefaultTestContextBootstrapper] - Loaded default TestExecutionListener class names from location [META-INF/spring.factories]: [org.springframework.test.context.web.ServletTestExecutionListener, org.springframework.test.context.support.DirtiesContextBeforeModesTestExecutionListener, org.springframework.test.context.support.DependencyInjectionTestExecutionListener, org.springframework.test.context.support.DirtiesContextTestExecutionListener, org.springframework.test.context.transaction.TransactionalTestExecutionListener, org.springframework.test.context.jdbc.SqlScriptsTestExecutionListener]
2020-03-01 11:08:10,006 INFO [org.springframework.test.context.support.DefaultTestContextBootstrapper] - Using TestExecutionListeners: [org.springframework.test.context.web.ServletTestExecutionListener@47c62251, org.springframework.test.context.support.DirtiesContextBeforeModesTestExecutionListener@3e6fa38a, org.springframework.test.context.support.DependencyInjectionTestExecutionListener@66a3ffec, org.springframework.test.context.support.DirtiesContextTestExecutionListener@77caeb3e, org.springframework.test.context.transaction.TransactionalTestExecutionListener@1e88b3c, org.springframework.test.context.jdbc.SqlScriptsTestExecutionListener@42d80b78]
2020-03-01 11:08:10,269 INFO [org.springframework.beans.factory.xml.XmlBeanDefinitionReader] - Loading XML bean definitions from class path resource [spring-context.xml]
2020-03-01 11:08:11,082 INFO [org.springframework.beans.factory.xml.XmlBeanDefinitionReader] - Loading XML bean definitions from class path resource [spring-context-druid.xml]
2020-03-01 11:08:11,222 INFO [org.springframework.beans.factory.xml.XmlBeanDefinitionReader] - Loading XML bean definitions from class path resource [spring-context-mybatis.xml]
2020-03-01 11:08:11,339 INFO [org.springframework.context.support.GenericApplicationContext] - Refreshing org.springframework.context.support.GenericApplicationContext@71423665: startup date [Sun Mar 01 11:08:11 CST 2020]; root of context hierarchy
2020-03-01 11:08:14,340 INFO [com.alibaba.druid.pool.DruidDataSource] - {dataSource-1} inited
2020-03-01 11:08:15,505 INFO [org.springframework.context.support.GenericApplicationContext] - Closing org.springframework.context.support.GenericApplicationContext@71423665: startup date [Sun Mar 01 11:08:11 CST 2020]; root of context hierarchy
2020-03-01 11:08:15,517 INFO [com.alibaba.druid.pool.DruidDataSource] - {dataSource-1} closed
2020-03-01 11:15:48,387 INFO [org.springframework.test.context.support.DefaultTestContextBootstrapper] - Loaded default TestExecutionListener class names from location [META-INF/spring.factories]: [org.springframework.test.context.web.ServletTestExecutionListener, org.springframework.test.context.support.DirtiesContextBeforeModesTestExecutionListener, org.springframework.test.context.support.DependencyInjectionTestExecutionListener, org.springframework.test.context.support.DirtiesContextTestExecutionListener, org.springframework.test.context.transaction.TransactionalTestExecutionListener, org.springframework.test.context.jdbc.SqlScriptsTestExecutionListener]
2020-03-01 11:15:48,437 INFO [org.springframework.test.context.support.DefaultTestContextBootstrapper] - Using TestExecutionListeners: [org.springframework.test.context.web.ServletTestExecutionListener@77caeb3e, org.springframework.test.context.support.DirtiesContextBeforeModesTestExecutionListener@1e88b3c, org.springframework.test.context.support.DependencyInjectionTestExecutionListener@42d80b78, org.springframework.test.context.support.DirtiesContextTestExecutionListener@3bfdc050, org.springframework.test.context.transaction.TransactionalTestExecutionListener@1bce4f0a, org.springframework.test.context.jdbc.SqlScriptsTestExecutionListener@5e3a8624]
2020-03-01 11:15:48,662 INFO [org.springframework.beans.factory.xml.XmlBeanDefinitionReader] - Loading XML bean definitions from class path resource [spring-context.xml]
2020-03-01 11:15:49,170 INFO [org.springframework.beans.factory.xml.XmlBeanDefinitionReader] - Loading XML bean definitions from class path resource [spring-context-druid.xml]
2020-03-01 11:15:49,270 INFO [org.springframework.beans.factory.xml.XmlBeanDefinitionReader] - Loading XML bean definitions from class path resource [spring-context-mybatis.xml]
2020-03-01 11:15:49,320 INFO [org.springframework.context.support.GenericApplicationContext] - Refreshing org.springframework.context.support.GenericApplicationContext@56235b8e: startup date [Sun Mar 01 11:15:49 CST 2020]; root of context hierarchy
2020-03-01 11:15:51,997 INFO [com.alibaba.druid.pool.DruidDataSource] - {dataSource-1} inited
2020-03-01 11:15:53,563 INFO [org.springframework.context.support.GenericApplicationContext] - Closing org.springframework.context.support.GenericApplicationContext@56235b8e: startup date [Sun Mar 01 11:15:49 CST 2020]; root of context hierarchy
2020-03-01 11:15:53,579 INFO [com.alibaba.druid.pool.DruidDataSource] - {dataSource-1} closed
2020-03-01 11:17:41,679 INFO [org.springframework.test.context.support.DefaultTestContextBootstrapper] - Loaded default TestExecutionListener class names from location [META-INF/spring.factories]: [org.springframework.test.context.web.ServletTestExecutionListener, org.springframework.test.context.support.DirtiesContextBeforeModesTestExecutionListener, org.springframework.test.context.support.DependencyInjectionTestExecutionListener, org.springframework.test.context.support.DirtiesContextTestExecutionListener, org.springframework.test.context.transaction.TransactionalTestExecutionListener, org.springframework.test.context.jdbc.SqlScriptsTestExecutionListener]
2020-03-01 11:17:41,732 INFO [org.springframework.test.context.support.DefaultTestContextBootstrapper] - Using TestExecutionListeners: [org.springframework.test.context.web.ServletTestExecutionListener@77caeb3e, org.springframework.test.context.support.DirtiesContextBeforeModesTestExecutionListener@1e88b3c, org.springframework.test.context.support.DependencyInjectionTestExecutionListener@42d80b78, org.springframework.test.context.support.DirtiesContextTestExecutionListener@3bfdc050, org.springframework.test.context.transaction.TransactionalTestExecutionListener@1bce4f0a, org.springframework.test.context.jdbc.SqlScriptsTestExecutionListener@5e3a8624]
2020-03-01 11:17:42,008 INFO [org.springframework.beans.factory.xml.XmlBeanDefinitionReader] - Loading XML bean definitions from class path resource [spring-context.xml]
2020-03-01 11:17:42,770 INFO [org.springframework.beans.factory.xml.XmlBeanDefinitionReader] - Loading XML bean definitions from class path resource [spring-context-druid.xml]
2020-03-01 11:17:42,948 INFO [org.springframework.beans.factory.xml.XmlBeanDefinitionReader] - Loading XML bean definitions from class path resource [spring-context-mybatis.xml]
2020-03-01 11:17:43,030 INFO [org.springframework.context.support.GenericApplicationContext] - Refreshing org.springframework.context.support.GenericApplicationContext@56235b8e: startup date [Sun Mar 01 11:17:43 CST 2020]; root of context hierarchy
2020-03-01 11:17:45,969 INFO [com.alibaba.druid.pool.DruidDataSource] - {dataSource-1} inited
2020-03-01 11:17:47,237 INFO [org.springframework.context.support.GenericApplicationContext] - Closing org.springframework.context.support.GenericApplicationContext@56235b8e: startup date [Sun Mar 01 11:17:43 CST 2020]; root of context hierarchy
2020-03-01 11:17:47,251 INFO [com.alibaba.druid.pool.DruidDataSource] - {dataSource-1} closed
2020-03-01 11:26:21,391 INFO [org.springframework.test.context.support.DefaultTestContextBootstrapper] - Loaded default TestExecutionListener class names from location [META-INF/spring.factories]: [org.springframework.test.context.web.ServletTestExecutionListener, org.springframework.test.context.support.DirtiesContextBeforeModesTestExecutionListener, org.springframework.test.context.support.DependencyInjectionTestExecutionListener, org.springframework.test.context.support.DirtiesContextTestExecutionListener, org.springframework.test.context.transaction.TransactionalTestExecutionListener, org.springframework.test.context.jdbc.SqlScriptsTestExecutionListener]
2020-03-01 11:26:21,446 INFO [org.springframework.test.context.support.DefaultTestContextBootstrapper] - Using TestExecutionListeners: [org.springframework.test.context.web.ServletTestExecutionListener@77caeb3e, org.springframework.test.context.support.DirtiesContextBeforeModesTestExecutionListener@1e88b3c, org.springframework.test.context.support.DependencyInjectionTestExecutionListener@42d80b78, org.springframework.test.context.support.DirtiesContextTestExecutionListener@3bfdc050, org.springframework.test.context.transaction.TransactionalTestExecutionListener@1bce4f0a, org.springframework.test.context.jdbc.SqlScriptsTestExecutionListener@5e3a8624]
2020-03-01 11:26:21,738 INFO [org.springframework.beans.factory.xml.XmlBeanDefinitionReader] - Loading XML bean definitions from class path resource [spring-context.xml]
2020-03-01 11:26:22,582 INFO [org.springframework.beans.factory.xml.XmlBeanDefinitionReader] - Loading XML bean definitions from class path resource [spring-context-druid.xml]
2020-03-01 11:26:22,733 INFO [org.springframework.beans.factory.xml.XmlBeanDefinitionReader] - Loading XML bean definitions from class path resource [spring-context-mybatis.xml]
2020-03-01 11:26:22,897 INFO [org.springframework.context.support.GenericApplicationContext] - Refreshing org.springframework.context.support.GenericApplicationContext@56235b8e: startup date [Sun Mar 01 11:26:22 CST 2020]; root of context hierarchy
2020-03-01 11:26:26,596 INFO [com.alibaba.druid.pool.DruidDataSource] - {dataSource-1} inited
2020-03-01 11:26:27,761 WARN [org.springframework.context.support.GenericApplicationContext] - Exception encountered during context initialization - cancelling refresh attempt: org.springframework.beans.factory.UnsatisfiedDependencyException: Error creating bean with name 'tbUserServiceImpl': Unsatisfied dependency expressed through field 'tbUserDao'; nested exception is org.springframework.beans.factory.UnsatisfiedDependencyException: Error creating bean with name 'tbUserDao' defined in file [D:\Workspace\study\my-shop\my-shop-web-admin\target\classes\com\mcdull\my\shop\web\admin\dao\TbUserDao.class]: Unsatisfied dependency expressed through bean property 'sqlSessionFactory'; nested exception is org.springframework.beans.factory.BeanCreationException: Error creating bean with name 'sqlSessionFactory' defined in class path resource [spring-context-mybatis.xml]: Invocation of init method failed; nested exception is org.springframework.core.NestedIOException: Failed to parse mapping resource: 'file [D:\Workspace\study\my-shop\my-shop-web-admin\target\classes\mapper\TbUserMapper.xml]'; nested exception is org.apache.ibatis.builder.BuilderException: Error parsing Mapper XML. Cause: org.apache.ibatis.builder.BuilderException: Parsing error was found in mapping #{}.  Check syntax #{property|(expression), var1=value1, var2=value2, ...} 
2020-03-01 11:26:27,770 INFO [com.alibaba.druid.pool.DruidDataSource] - {dataSource-1} closed
2020-03-01 11:26:27,778 ERROR [org.springframework.test.context.TestContextManager] - Caught exception while allowing TestExecutionListener [org.springframework.test.context.support.DependencyInjectionTestExecutionListener@42d80b78] to prepare test instance [com.mcdull.my.shop.web.admin.service.test.TbUserServiceTest@5965d37]
java.lang.IllegalStateException: Failed to load ApplicationContext
	at org.springframework.test.context.cache.DefaultCacheAwareContextLoaderDelegate.loadContext(DefaultCacheAwareContextLoaderDelegate.java:124)
	at org.springframework.test.context.support.DefaultTestContext.getApplicationContext(DefaultTestContext.java:83)
	at org.springframework.test.context.support.DependencyInjectionTestExecutionListener.injectDependencies(DependencyInjectionTestExecutionListener.java:117)
	at org.springframework.test.context.support.DependencyInjectionTestExecutionListener.prepareTestInstance(DependencyInjectionTestExecutionListener.java:83)
	at org.springframework.test.context.TestContextManager.prepareTestInstance(TestContextManager.java:230)
	at org.springframework.test.context.junit4.SpringJUnit4ClassRunner.createTest(SpringJUnit4ClassRunner.java:228)
	at org.springframework.test.context.junit4.SpringJUnit4ClassRunner$1.runReflectiveCall(SpringJUnit4ClassRunner.java:287)
	at org.junit.internal.runners.model.ReflectiveCallable.run(ReflectiveCallable.java:12)
	at org.springframework.test.context.junit4.SpringJUnit4ClassRunner.methodBlock(SpringJUnit4ClassRunner.java:289)
	at org.springframework.test.context.junit4.SpringJUnit4ClassRunner.runChild(SpringJUnit4ClassRunner.java:247)
	at org.springframework.test.context.junit4.SpringJUnit4ClassRunner.runChild(SpringJUnit4ClassRunner.java:94)
	at org.junit.runners.ParentRunner$3.run(ParentRunner.java:290)
	at org.junit.runners.ParentRunner$1.schedule(ParentRunner.java:71)
	at org.junit.runners.ParentRunner.runChildren(ParentRunner.java:288)
	at org.junit.runners.ParentRunner.access$000(ParentRunner.java:58)
	at org.junit.runners.ParentRunner$2.evaluate(ParentRunner.java:268)
	at org.springframework.test.context.junit4.statements.RunBeforeTestClassCallbacks.evaluate(RunBeforeTestClassCallbacks.java:61)
	at org.springframework.test.context.junit4.statements.RunAfterTestClassCallbacks.evaluate(RunAfterTestClassCallbacks.java:70)
	at org.junit.runners.ParentRunner.run(ParentRunner.java:363)
	at org.springframework.test.context.junit4.SpringJUnit4ClassRunner.run(SpringJUnit4ClassRunner.java:191)
	at org.junit.runner.JUnitCore.run(JUnitCore.java:137)
	at com.intellij.junit4.JUnit4IdeaTestRunner.startRunnerWithArgs(JUnit4IdeaTestRunner.java:68)
	at com.intellij.rt.junit.IdeaTestRunner$Repeater.startRunnerWithArgs(IdeaTestRunner.java:33)
	at com.intellij.rt.junit.JUnitStarter.prepareStreamsAndStart(JUnitStarter.java:230)
	at com.intellij.rt.junit.JUnitStarter.main(JUnitStarter.java:58)
Caused by: org.springframework.beans.factory.UnsatisfiedDependencyException: Error creating bean with name 'tbUserServiceImpl': Unsatisfied dependency expressed through field 'tbUserDao'; nested exception is org.springframework.beans.factory.UnsatisfiedDependencyException: Error creating bean with name 'tbUserDao' defined in file [D:\Workspace\study\my-shop\my-shop-web-admin\target\classes\com\mcdull\my\shop\web\admin\dao\TbUserDao.class]: Unsatisfied dependency expressed through bean property 'sqlSessionFactory'; nested exception is org.springframework.beans.factory.BeanCreationException: Error creating bean with name 'sqlSessionFactory' defined in class path resource [spring-context-mybatis.xml]: Invocation of init method failed; nested exception is org.springframework.core.NestedIOException: Failed to parse mapping resource: 'file [D:\Workspace\study\my-shop\my-shop-web-admin\target\classes\mapper\TbUserMapper.xml]'; nested exception is org.apache.ibatis.builder.BuilderException: Error parsing Mapper XML. Cause: org.apache.ibatis.builder.BuilderException: Parsing error was found in mapping #{}.  Check syntax #{property|(expression), var1=value1, var2=value2, ...} 
	at org.springframework.beans.factory.annotation.AutowiredAnnotationBeanPostProcessor$AutowiredFieldElement.inject(AutowiredAnnotationBeanPostProcessor.java:588)
	at org.springframework.beans.factory.annotation.InjectionMetadata.inject(InjectionMetadata.java:88)
	at org.springframework.beans.factory.annotation.AutowiredAnnotationBeanPostProcessor.postProcessPropertyValues(AutowiredAnnotationBeanPostProcessor.java:366)
	at org.springframework.beans.factory.support.AbstractAutowireCapableBeanFactory.populateBean(AbstractAutowireCapableBeanFactory.java:1272)
	at org.springframework.beans.factory.support.AbstractAutowireCapableBeanFactory.doCreateBean(AbstractAutowireCapableBeanFactory.java:553)
	at org.springframework.beans.factory.support.AbstractAutowireCapableBeanFactory.createBean(AbstractAutowireCapableBeanFactory.java:483)
	at org.springframework.beans.factory.support.AbstractBeanFactory$1.getObject(AbstractBeanFactory.java:312)
	at org.springframework.beans.factory.support.DefaultSingletonBeanRegistry.getSingleton(DefaultSingletonBeanRegistry.java:230)
	at org.springframework.beans.factory.support.AbstractBeanFactory.doGetBean(AbstractBeanFactory.java:308)
	at org.springframework.beans.factory.support.AbstractBeanFactory.getBean(AbstractBeanFactory.java:197)
	at org.springframework.beans.factory.support.DefaultListableBeanFactory.preInstantiateSingletons(DefaultListableBeanFactory.java:761)
	at org.springframework.context.support.AbstractApplicationContext.finishBeanFactoryInitialization(AbstractApplicationContext.java:867)
	at org.springframework.context.support.AbstractApplicationContext.refresh(AbstractApplicationContext.java:543)
	at org.springframework.test.context.support.AbstractGenericContextLoader.loadContext(AbstractGenericContextLoader.java:128)
	at org.springframework.test.context.support.AbstractGenericContextLoader.loadContext(AbstractGenericContextLoader.java:60)
	at org.springframework.test.context.support.AbstractDelegatingSmartContextLoader.delegateLoading(AbstractDelegatingSmartContextLoader.java:106)
	at org.springframework.test.context.support.AbstractDelegatingSmartContextLoader.loadContext(AbstractDelegatingSmartContextLoader.java:249)
	at org.springframework.test.context.cache.DefaultCacheAwareContextLoaderDelegate.loadContextInternal(DefaultCacheAwareContextLoaderDelegate.java:98)
	at org.springframework.test.context.cache.DefaultCacheAwareContextLoaderDelegate.loadContext(DefaultCacheAwareContextLoaderDelegate.java:116)
	... 24 more
Caused by: org.springframework.beans.factory.UnsatisfiedDependencyException: Error creating bean with name 'tbUserDao' defined in file [D:\Workspace\study\my-shop\my-shop-web-admin\target\classes\com\mcdull\my\shop\web\admin\dao\TbUserDao.class]: Unsatisfied dependency expressed through bean property 'sqlSessionFactory'; nested exception is org.springframework.beans.factory.BeanCreationException: Error creating bean with name 'sqlSessionFactory' defined in class path resource [spring-context-mybatis.xml]: Invocation of init method failed; nested exception is org.springframework.core.NestedIOException: Failed to parse mapping resource: 'file [D:\Workspace\study\my-shop\my-shop-web-admin\target\classes\mapper\TbUserMapper.xml]'; nested exception is org.apache.ibatis.builder.BuilderException: Error parsing Mapper XML. Cause: org.apache.ibatis.builder.BuilderException: Parsing error was found in mapping #{}.  Check syntax #{property|(expression), var1=value1, var2=value2, ...} 
	at org.springframework.beans.factory.support.AbstractAutowireCapableBeanFactory.autowireByType(AbstractAutowireCapableBeanFactory.java:1365)
	at org.springframework.beans.factory.support.AbstractAutowireCapableBeanFactory.populateBean(AbstractAutowireCapableBeanFactory.java:1257)
	at org.springframework.beans.factory.support.AbstractAutowireCapableBeanFactory.doCreateBean(AbstractAutowireCapableBeanFactory.java:553)
	at org.springframework.beans.factory.support.AbstractAutowireCapableBeanFactory.createBean(AbstractAutowireCapableBeanFactory.java:483)
	at org.springframework.beans.factory.support.AbstractBeanFactory$1.getObject(AbstractBeanFactory.java:312)
	at org.springframework.beans.factory.support.DefaultSingletonBeanRegistry.getSingleton(DefaultSingletonBeanRegistry.java:230)
	at org.springframework.beans.factory.support.AbstractBeanFactory.doGetBean(AbstractBeanFactory.java:308)
	at org.springframework.beans.factory.support.AbstractBeanFactory.getBean(AbstractBeanFactory.java:202)
	at org.springframework.beans.factory.config.DependencyDescriptor.resolveCandidate(DependencyDescriptor.java:208)
	at org.springframework.beans.factory.support.DefaultListableBeanFactory.doResolveDependency(DefaultListableBeanFactory.java:1138)
	at org.springframework.beans.factory.support.DefaultListableBeanFactory.resolveDependency(DefaultListableBeanFactory.java:1066)
	at org.springframework.beans.factory.annotation.AutowiredAnnotationBeanPostProcessor$AutowiredFieldElement.inject(AutowiredAnnotationBeanPostProcessor.java:585)
	... 42 more
Caused by: org.springframework.beans.factory.BeanCreationException: Error creating bean with name 'sqlSessionFactory' defined in class path resource [spring-context-mybatis.xml]: Invocation of init method failed; nested exception is org.springframework.core.NestedIOException: Failed to parse mapping resource: 'file [D:\Workspace\study\my-shop\my-shop-web-admin\target\classes\mapper\TbUserMapper.xml]'; nested exception is org.apache.ibatis.builder.BuilderException: Error parsing Mapper XML. Cause: org.apache.ibatis.builder.BuilderException: Parsing error was found in mapping #{}.  Check syntax #{property|(expression), var1=value1, var2=value2, ...} 
	at org.springframework.beans.factory.support.AbstractAutowireCapableBeanFactory.initializeBean(AbstractAutowireCapableBeanFactory.java:1634)
	at org.springframework.beans.factory.support.AbstractAutowireCapableBeanFactory.doCreateBean(AbstractAutowireCapableBeanFactory.java:555)
	at org.springframework.beans.factory.support.AbstractAutowireCapableBeanFactory.createBean(AbstractAutowireCapableBeanFactory.java:483)
	at org.springframework.beans.factory.support.AbstractBeanFactory$1.getObject(AbstractBeanFactory.java:312)
	at org.springframework.beans.factory.support.DefaultSingletonBeanRegistry.getSingleton(DefaultSingletonBeanRegistry.java:230)
	at org.springframework.beans.factory.support.AbstractBeanFactory.doGetBean(AbstractBeanFactory.java:308)
	at org.springframework.beans.factory.support.AbstractBeanFactory.getBean(AbstractBeanFactory.java:202)
	at org.springframework.beans.factory.config.DependencyDescriptor.resolveCandidate(DependencyDescriptor.java:208)
	at org.springframework.beans.factory.support.DefaultListableBeanFactory.doResolveDependency(DefaultListableBeanFactory.java:1138)
	at org.springframework.beans.factory.support.DefaultListableBeanFactory.resolveDependency(DefaultListableBeanFactory.java:1066)
	at org.springframework.beans.factory.support.AbstractAutowireCapableBeanFactory.autowireByType(AbstractAutowireCapableBeanFactory.java:1350)
	... 53 more
Caused by: org.springframework.core.NestedIOException: Failed to parse mapping resource: 'file [D:\Workspace\study\my-shop\my-shop-web-admin\target\classes\mapper\TbUserMapper.xml]'; nested exception is org.apache.ibatis.builder.BuilderException: Error parsing Mapper XML. Cause: org.apache.ibatis.builder.BuilderException: Parsing error was found in mapping #{}.  Check syntax #{property|(expression), var1=value1, var2=value2, ...} 
	at org.mybatis.spring.SqlSessionFactoryBean.buildSqlSessionFactory(SqlSessionFactoryBean.java:523)
	at org.mybatis.spring.SqlSessionFactoryBean.afterPropertiesSet(SqlSessionFactoryBean.java:380)
	at org.springframework.beans.factory.support.AbstractAutowireCapableBeanFactory.invokeInitMethods(AbstractAutowireCapableBeanFactory.java:1692)
	at org.springframework.beans.factory.support.AbstractAutowireCapableBeanFactory.initializeBean(AbstractAutowireCapableBeanFactory.java:1630)
	... 63 more
Caused by: org.apache.ibatis.builder.BuilderException: Error parsing Mapper XML. Cause: org.apache.ibatis.builder.BuilderException: Parsing error was found in mapping #{}.  Check syntax #{property|(expression), var1=value1, var2=value2, ...} 
	at org.apache.ibatis.builder.xml.XMLMapperBuilder.configurationElement(XMLMapperBuilder.java:120)
	at org.apache.ibatis.builder.xml.XMLMapperBuilder.parse(XMLMapperBuilder.java:92)
	at org.mybatis.spring.SqlSessionFactoryBean.buildSqlSessionFactory(SqlSessionFactoryBean.java:521)
	... 66 more
Caused by: org.apache.ibatis.builder.BuilderException: Parsing error was found in mapping #{}.  Check syntax #{property|(expression), var1=value1, var2=value2, ...} 
	at org.apache.ibatis.builder.SqlSourceBuilder$ParameterMappingTokenHandler.parseParameterMapping(SqlSourceBuilder.java:131)
	at org.apache.ibatis.builder.SqlSourceBuilder$ParameterMappingTokenHandler.buildParameterMapping(SqlSourceBuilder.java:71)
	at org.apache.ibatis.builder.SqlSourceBuilder$ParameterMappingTokenHandler.handleToken(SqlSourceBuilder.java:66)
	at org.apache.ibatis.parsing.GenericTokenParser.parse(GenericTokenParser.java:53)
	at org.apache.ibatis.builder.SqlSourceBuilder.parse(SqlSourceBuilder.java:45)
	at org.apache.ibatis.scripting.defaults.RawSqlSource.<init>(RawSqlSource.java:46)
	at org.apache.ibatis.scripting.defaults.RawSqlSource.<init>(RawSqlSource.java:40)
	at org.apache.ibatis.scripting.xmltags.XMLScriptBuilder.parseScriptNode(XMLScriptBuilder.java:58)
	at org.apache.ibatis.scripting.xmltags.XMLLanguageDriver.createSqlSource(XMLLanguageDriver.java:42)
	at org.apache.ibatis.builder.xml.XMLStatementBuilder.parseStatementNode(XMLStatementBuilder.java:92)
	at org.apache.ibatis.builder.xml.XMLMapperBuilder.buildStatementFromContext(XMLMapperBuilder.java:135)
	at org.apache.ibatis.builder.xml.XMLMapperBuilder.buildStatementFromContext(XMLMapperBuilder.java:128)
	at org.apache.ibatis.builder.xml.XMLMapperBuilder.configurationElement(XMLMapperBuilder.java:118)
	... 68 more
Caused by: java.lang.StringIndexOutOfBoundsException: String index out of range: 0
	at java.lang.String.charAt(String.java:658)
	at org.apache.ibatis.builder.ParameterExpression.parse(ParameterExpression.java:45)
	at org.apache.ibatis.builder.ParameterExpression.<init>(ParameterExpression.java:40)
	at org.apache.ibatis.builder.SqlSourceBuilder$ParameterMappingTokenHandler.parseParameterMapping(SqlSourceBuilder.java:127)
	... 80 more
2020-03-01 11:28:09,628 INFO [org.springframework.test.context.support.DefaultTestContextBootstrapper] - Loaded default TestExecutionListener class names from location [META-INF/spring.factories]: [org.springframework.test.context.web.ServletTestExecutionListener, org.springframework.test.context.support.DirtiesContextBeforeModesTestExecutionListener, org.springframework.test.context.support.DependencyInjectionTestExecutionListener, org.springframework.test.context.support.DirtiesContextTestExecutionListener, org.springframework.test.context.transaction.TransactionalTestExecutionListener, org.springframework.test.context.jdbc.SqlScriptsTestExecutionListener]
2020-03-01 11:28:09,685 INFO [org.springframework.test.context.support.DefaultTestContextBootstrapper] - Using TestExecutionListeners: [org.springframework.test.context.web.ServletTestExecutionListener@77caeb3e, org.springframework.test.context.support.DirtiesContextBeforeModesTestExecutionListener@1e88b3c, org.springframework.test.context.support.DependencyInjectionTestExecutionListener@42d80b78, org.springframework.test.context.support.DirtiesContextTestExecutionListener@3bfdc050, org.springframework.test.context.transaction.TransactionalTestExecutionListener@1bce4f0a, org.springframework.test.context.jdbc.SqlScriptsTestExecutionListener@5e3a8624]
2020-03-01 11:28:09,951 INFO [org.springframework.beans.factory.xml.XmlBeanDefinitionReader] - Loading XML bean definitions from class path resource [spring-context.xml]
2020-03-01 11:28:10,709 INFO [org.springframework.beans.factory.xml.XmlBeanDefinitionReader] - Loading XML bean definitions from class path resource [spring-context-druid.xml]
2020-03-01 11:28:11,081 INFO [org.springframework.beans.factory.xml.XmlBeanDefinitionReader] - Loading XML bean definitions from class path resource [spring-context-mybatis.xml]
2020-03-01 11:28:11,170 INFO [org.springframework.context.support.GenericApplicationContext] - Refreshing org.springframework.context.support.GenericApplicationContext@56235b8e: startup date [Sun Mar 01 11:28:11 CST 2020]; root of context hierarchy
2020-03-01 11:28:14,438 INFO [com.alibaba.druid.pool.DruidDataSource] - {dataSource-1} inited
2020-03-01 11:28:16,372 INFO [org.springframework.context.support.GenericApplicationContext] - Closing org.springframework.context.support.GenericApplicationContext@56235b8e: startup date [Sun Mar 01 11:28:11 CST 2020]; root of context hierarchy
2020-03-01 11:28:16,394 INFO [com.alibaba.druid.pool.DruidDataSource] - {dataSource-1} closed
2020-03-01 11:37:01,685 INFO [org.springframework.test.context.support.DefaultTestContextBootstrapper] - Loaded default TestExecutionListener class names from location [META-INF/spring.factories]: [org.springframework.test.context.web.ServletTestExecutionListener, org.springframework.test.context.support.DirtiesContextBeforeModesTestExecutionListener, org.springframework.test.context.support.DependencyInjectionTestExecutionListener, org.springframework.test.context.support.DirtiesContextTestExecutionListener, org.springframework.test.context.transaction.TransactionalTestExecutionListener, org.springframework.test.context.jdbc.SqlScriptsTestExecutionListener]
2020-03-01 11:37:01,742 INFO [org.springframework.test.context.support.DefaultTestContextBootstrapper] - Using TestExecutionListeners: [org.springframework.test.context.web.ServletTestExecutionListener@47c62251, org.springframework.test.context.support.DirtiesContextBeforeModesTestExecutionListener@3e6fa38a, org.springframework.test.context.support.DependencyInjectionTestExecutionListener@66a3ffec, org.springframework.test.context.support.DirtiesContextTestExecutionListener@77caeb3e, org.springframework.test.context.transaction.TransactionalTestExecutionListener@1e88b3c, org.springframework.test.context.jdbc.SqlScriptsTestExecutionListener@42d80b78]
2020-03-01 11:37:01,994 INFO [org.springframework.beans.factory.xml.XmlBeanDefinitionReader] - Loading XML bean definitions from class path resource [spring-context.xml]
2020-03-01 11:37:02,653 INFO [org.springframework.beans.factory.xml.XmlBeanDefinitionReader] - Loading XML bean definitions from class path resource [spring-context-druid.xml]
2020-03-01 11:37:02,759 INFO [org.springframework.beans.factory.xml.XmlBeanDefinitionReader] - Loading XML bean definitions from class path resource [spring-context-mybatis.xml]
2020-03-01 11:37:02,818 INFO [org.springframework.context.support.GenericApplicationContext] - Refreshing org.springframework.context.support.GenericApplicationContext@71423665: startup date [Sun Mar 01 11:37:02 CST 2020]; root of context hierarchy
2020-03-01 11:37:05,157 INFO [com.alibaba.druid.pool.DruidDataSource] - {dataSource-1} inited
2020-03-01 11:37:06,221 INFO [org.springframework.context.support.GenericApplicationContext] - Closing org.springframework.context.support.GenericApplicationContext@71423665: startup date [Sun Mar 01 11:37:02 CST 2020]; root of context hierarchy
2020-03-01 11:37:06,233 INFO [com.alibaba.druid.pool.DruidDataSource] - {dataSource-1} closed
2020-03-01 11:39:12,414 INFO [org.springframework.test.context.support.DefaultTestContextBootstrapper] - Loaded default TestExecutionListener class names from location [META-INF/spring.factories]: [org.springframework.test.context.web.ServletTestExecutionListener, org.springframework.test.context.support.DirtiesContextBeforeModesTestExecutionListener, org.springframework.test.context.support.DependencyInjectionTestExecutionListener, org.springframework.test.context.support.DirtiesContextTestExecutionListener, org.springframework.test.context.transaction.TransactionalTestExecutionListener, org.springframework.test.context.jdbc.SqlScriptsTestExecutionListener]
2020-03-01 11:39:12,460 INFO [org.springframework.test.context.support.DefaultTestContextBootstrapper] - Using TestExecutionListeners: [org.springframework.test.context.web.ServletTestExecutionListener@77caeb3e, org.springframework.test.context.support.DirtiesContextBeforeModesTestExecutionListener@1e88b3c, org.springframework.test.context.support.DependencyInjectionTestExecutionListener@42d80b78, org.springframework.test.context.support.DirtiesContextTestExecutionListener@3bfdc050, org.springframework.test.context.transaction.TransactionalTestExecutionListener@1bce4f0a, org.springframework.test.context.jdbc.SqlScriptsTestExecutionListener@5e3a8624]
2020-03-01 11:39:12,677 INFO [org.springframework.beans.factory.xml.XmlBeanDefinitionReader] - Loading XML bean definitions from class path resource [spring-context.xml]
2020-03-01 11:39:13,207 INFO [org.springframework.beans.factory.xml.XmlBeanDefinitionReader] - Loading XML bean definitions from class path resource [spring-context-druid.xml]
2020-03-01 11:39:13,319 INFO [org.springframework.beans.factory.xml.XmlBeanDefinitionReader] - Loading XML bean definitions from class path resource [spring-context-mybatis.xml]
2020-03-01 11:39:13,439 INFO [org.springframework.context.support.GenericApplicationContext] - Refreshing org.springframework.context.support.GenericApplicationContext@56235b8e: startup date [Sun Mar 01 11:39:13 CST 2020]; root of context hierarchy
2020-03-01 11:39:15,858 INFO [com.alibaba.druid.pool.DruidDataSource] - {dataSource-1} inited
2020-03-01 11:39:17,466 INFO [org.springframework.context.support.GenericApplicationContext] - Closing org.springframework.context.support.GenericApplicationContext@56235b8e: startup date [Sun Mar 01 11:39:13 CST 2020]; root of context hierarchy
2020-03-01 11:39:17,482 INFO [com.alibaba.druid.pool.DruidDataSource] - {dataSource-1} closed
2020-03-01 11:45:25,991 INFO [org.springframework.test.context.support.DefaultTestContextBootstrapper] - Loaded default TestExecutionListener class names from location [META-INF/spring.factories]: [org.springframework.test.context.web.ServletTestExecutionListener, org.springframework.test.context.support.DirtiesContextBeforeModesTestExecutionListener, org.springframework.test.context.support.DependencyInjectionTestExecutionListener, org.springframework.test.context.support.DirtiesContextTestExecutionListener, org.springframework.test.context.transaction.TransactionalTestExecutionListener, org.springframework.test.context.jdbc.SqlScriptsTestExecutionListener]
2020-03-01 11:45:26,047 INFO [org.springframework.test.context.support.DefaultTestContextBootstrapper] - Using TestExecutionListeners: [org.springframework.test.context.web.ServletTestExecutionListener@77caeb3e, org.springframework.test.context.support.DirtiesContextBeforeModesTestExecutionListener@1e88b3c, org.springframework.test.context.support.DependencyInjectionTestExecutionListener@42d80b78, org.springframework.test.context.support.DirtiesContextTestExecutionListener@3bfdc050, org.springframework.test.context.transaction.TransactionalTestExecutionListener@1bce4f0a, org.springframework.test.context.jdbc.SqlScriptsTestExecutionListener@5e3a8624]
2020-03-01 11:45:26,277 INFO [org.springframework.beans.factory.xml.XmlBeanDefinitionReader] - Loading XML bean definitions from class path resource [spring-context.xml]
2020-03-01 11:45:26,782 INFO [org.springframework.beans.factory.xml.XmlBeanDefinitionReader] - Loading XML bean definitions from class path resource [spring-context-druid.xml]
2020-03-01 11:45:26,879 INFO [org.springframework.beans.factory.xml.XmlBeanDefinitionReader] - Loading XML bean definitions from class path resource [spring-context-mybatis.xml]
2020-03-01 11:45:26,964 INFO [org.springframework.context.support.GenericApplicationContext] - Refreshing org.springframework.context.support.GenericApplicationContext@56235b8e: startup date [Sun Mar 01 11:45:26 CST 2020]; root of context hierarchy
2020-03-01 11:45:29,260 INFO [com.alibaba.druid.pool.DruidDataSource] - {dataSource-1} inited
2020-03-01 11:45:31,501 INFO [org.springframework.context.support.GenericApplicationContext] - Closing org.springframework.context.support.GenericApplicationContext@56235b8e: startup date [Sun Mar 01 11:45:26 CST 2020]; root of context hierarchy
2020-03-01 11:45:31,511 INFO [com.alibaba.druid.pool.DruidDataSource] - {dataSource-1} closed
2020-03-01 11:45:54,260 INFO [org.springframework.test.context.support.DefaultTestContextBootstrapper] - Loaded default TestExecutionListener class names from location [META-INF/spring.factories]: [org.springframework.test.context.web.ServletTestExecutionListener, org.springframework.test.context.support.DirtiesContextBeforeModesTestExecutionListener, org.springframework.test.context.support.DependencyInjectionTestExecutionListener, org.springframework.test.context.support.DirtiesContextTestExecutionListener, org.springframework.test.context.transaction.TransactionalTestExecutionListener, org.springframework.test.context.jdbc.SqlScriptsTestExecutionListener]
2020-03-01 11:45:54,305 INFO [org.springframework.test.context.support.DefaultTestContextBootstrapper] - Using TestExecutionListeners: [org.springframework.test.context.web.ServletTestExecutionListener@77caeb3e, org.springframework.test.context.support.DirtiesContextBeforeModesTestExecutionListener@1e88b3c, org.springframework.test.context.support.DependencyInjectionTestExecutionListener@42d80b78, org.springframework.test.context.support.DirtiesContextTestExecutionListener@3bfdc050, org.springframework.test.context.transaction.TransactionalTestExecutionListener@1bce4f0a, org.springframework.test.context.jdbc.SqlScriptsTestExecutionListener@5e3a8624]
2020-03-01 11:45:54,533 INFO [org.springframework.beans.factory.xml.XmlBeanDefinitionReader] - Loading XML bean definitions from class path resource [spring-context.xml]
2020-03-01 11:45:55,027 INFO [org.springframework.beans.factory.xml.XmlBeanDefinitionReader] - Loading XML bean definitions from class path resource [spring-context-druid.xml]
2020-03-01 11:45:55,125 INFO [org.springframework.beans.factory.xml.XmlBeanDefinitionReader] - Loading XML bean definitions from class path resource [spring-context-mybatis.xml]
2020-03-01 11:45:55,215 INFO [org.springframework.context.support.GenericApplicationContext] - Refreshing org.springframework.context.support.GenericApplicationContext@56235b8e: startup date [Sun Mar 01 11:45:55 CST 2020]; root of context hierarchy
2020-03-01 11:45:57,501 INFO [com.alibaba.druid.pool.DruidDataSource] - {dataSource-1} inited
2020-03-01 11:45:58,887 INFO [org.springframework.context.support.GenericApplicationContext] - Closing org.springframework.context.support.GenericApplicationContext@56235b8e: startup date [Sun Mar 01 11:45:55 CST 2020]; root of context hierarchy
2020-03-01 11:45:58,907 INFO [com.alibaba.druid.pool.DruidDataSource] - {dataSource-1} closed
2020-03-01 11:58:40,594 INFO [org.springframework.test.context.support.DefaultTestContextBootstrapper] - Loaded default TestExecutionListener class names from location [META-INF/spring.factories]: [org.springframework.test.context.web.ServletTestExecutionListener, org.springframework.test.context.support.DirtiesContextBeforeModesTestExecutionListener, org.springframework.test.context.support.DependencyInjectionTestExecutionListener, org.springframework.test.context.support.DirtiesContextTestExecutionListener, org.springframework.test.context.transaction.TransactionalTestExecutionListener, org.springframework.test.context.jdbc.SqlScriptsTestExecutionListener]
2020-03-01 11:58:40,652 INFO [org.springframework.test.context.support.DefaultTestContextBootstrapper] - Using TestExecutionListeners: [org.springframework.test.context.web.ServletTestExecutionListener@77caeb3e, org.springframework.test.context.support.DirtiesContextBeforeModesTestExecutionListener@1e88b3c, org.springframework.test.context.support.DependencyInjectionTestExecutionListener@42d80b78, org.springframework.test.context.support.DirtiesContextTestExecutionListener@3bfdc050, org.springframework.test.context.transaction.TransactionalTestExecutionListener@1bce4f0a, org.springframework.test.context.jdbc.SqlScriptsTestExecutionListener@5e3a8624]
2020-03-01 11:58:40,914 INFO [org.springframework.beans.factory.xml.XmlBeanDefinitionReader] - Loading XML bean definitions from class path resource [spring-context.xml]
2020-03-01 11:58:41,485 INFO [org.springframework.beans.factory.xml.XmlBeanDefinitionReader] - Loading XML bean definitions from class path resource [spring-context-druid.xml]
2020-03-01 11:58:41,610 INFO [org.springframework.beans.factory.xml.XmlBeanDefinitionReader] - Loading XML bean definitions from class path resource [spring-context-mybatis.xml]
2020-03-01 11:58:41,688 INFO [org.springframework.context.support.GenericApplicationContext] - Refreshing org.springframework.context.support.GenericApplicationContext@56235b8e: startup date [Sun Mar 01 11:58:41 CST 2020]; root of context hierarchy
2020-03-01 11:58:44,526 INFO [com.alibaba.druid.pool.DruidDataSource] - {dataSource-1} inited
2020-03-01 11:58:46,260 INFO [org.springframework.context.support.GenericApplicationContext] - Closing org.springframework.context.support.GenericApplicationContext@56235b8e: startup date [Sun Mar 01 11:58:41 CST 2020]; root of context hierarchy
2020-03-01 11:58:46,270 INFO [com.alibaba.druid.pool.DruidDataSource] - {dataSource-1} closed
2020-03-01 12:18:33,266 INFO [org.springframework.test.context.support.DefaultTestContextBootstrapper] - Loaded default TestExecutionListener class names from location [META-INF/spring.factories]: [org.springframework.test.context.web.ServletTestExecutionListener, org.springframework.test.context.support.DirtiesContextBeforeModesTestExecutionListener, org.springframework.test.context.support.DependencyInjectionTestExecutionListener, org.springframework.test.context.support.DirtiesContextTestExecutionListener, org.springframework.test.context.transaction.TransactionalTestExecutionListener, org.springframework.test.context.jdbc.SqlScriptsTestExecutionListener]
2020-03-01 12:18:33,308 INFO [org.springframework.test.context.support.DefaultTestContextBootstrapper] - Using TestExecutionListeners: [org.springframework.test.context.web.ServletTestExecutionListener@77caeb3e, org.springframework.test.context.support.DirtiesContextBeforeModesTestExecutionListener@1e88b3c, org.springframework.test.context.support.DependencyInjectionTestExecutionListener@42d80b78, org.springframework.test.context.support.DirtiesContextTestExecutionListener@3bfdc050, org.springframework.test.context.transaction.TransactionalTestExecutionListener@1bce4f0a, org.springframework.test.context.jdbc.SqlScriptsTestExecutionListener@5e3a8624]
2020-03-01 12:18:33,538 INFO [org.springframework.beans.factory.xml.XmlBeanDefinitionReader] - Loading XML bean definitions from class path resource [spring-context.xml]
2020-03-01 12:18:34,067 INFO [org.springframework.beans.factory.xml.XmlBeanDefinitionReader] - Loading XML bean definitions from class path resource [spring-context-druid.xml]
2020-03-01 12:18:34,172 INFO [org.springframework.beans.factory.xml.XmlBeanDefinitionReader] - Loading XML bean definitions from class path resource [spring-context-mybatis.xml]
2020-03-01 12:18:34,250 INFO [org.springframework.context.support.GenericApplicationContext] - Refreshing org.springframework.context.support.GenericApplicationContext@56235b8e: startup date [Sun Mar 01 12:18:34 CST 2020]; root of context hierarchy
2020-03-01 12:18:37,063 INFO [com.alibaba.druid.pool.DruidDataSource] - {dataSource-1} inited
2020-03-01 12:18:38,446 INFO [org.springframework.context.support.GenericApplicationContext] - Closing org.springframework.context.support.GenericApplicationContext@56235b8e: startup date [Sun Mar 01 12:18:34 CST 2020]; root of context hierarchy
2020-03-01 12:18:38,455 INFO [com.alibaba.druid.pool.DruidDataSource] - {dataSource-1} closed
2020-03-01 12:23:02,236 INFO [org.springframework.test.context.support.DefaultTestContextBootstrapper] - Loaded default TestExecutionListener class names from location [META-INF/spring.factories]: [org.springframework.test.context.web.ServletTestExecutionListener, org.springframework.test.context.support.DirtiesContextBeforeModesTestExecutionListener, org.springframework.test.context.support.DependencyInjectionTestExecutionListener, org.springframework.test.context.support.DirtiesContextTestExecutionListener, org.springframework.test.context.transaction.TransactionalTestExecutionListener, org.springframework.test.context.jdbc.SqlScriptsTestExecutionListener]
2020-03-01 12:23:02,293 INFO [org.springframework.test.context.support.DefaultTestContextBootstrapper] - Using TestExecutionListeners: [org.springframework.test.context.web.ServletTestExecutionListener@77caeb3e, org.springframework.test.context.support.DirtiesContextBeforeModesTestExecutionListener@1e88b3c, org.springframework.test.context.support.DependencyInjectionTestExecutionListener@42d80b78, org.springframework.test.context.support.DirtiesContextTestExecutionListener@3bfdc050, org.springframework.test.context.transaction.TransactionalTestExecutionListener@1bce4f0a, org.springframework.test.context.jdbc.SqlScriptsTestExecutionListener@5e3a8624]
2020-03-01 12:23:02,641 INFO [org.springframework.beans.factory.xml.XmlBeanDefinitionReader] - Loading XML bean definitions from class path resource [spring-context.xml]
2020-03-01 12:23:03,270 INFO [org.springframework.beans.factory.xml.XmlBeanDefinitionReader] - Loading XML bean definitions from class path resource [spring-context-druid.xml]
2020-03-01 12:23:03,424 INFO [org.springframework.beans.factory.xml.XmlBeanDefinitionReader] - Loading XML bean definitions from class path resource [spring-context-mybatis.xml]
2020-03-01 12:23:03,533 INFO [org.springframework.context.support.GenericApplicationContext] - Refreshing org.springframework.context.support.GenericApplicationContext@56235b8e: startup date [Sun Mar 01 12:23:03 CST 2020]; root of context hierarchy
2020-03-01 12:23:06,389 INFO [com.alibaba.druid.pool.DruidDataSource] - {dataSource-1} inited
2020-03-01 12:23:08,117 INFO [org.springframework.context.support.GenericApplicationContext] - Closing org.springframework.context.support.GenericApplicationContext@56235b8e: startup date [Sun Mar 01 12:23:03 CST 2020]; root of context hierarchy
2020-03-01 12:23:08,134 INFO [com.alibaba.druid.pool.DruidDataSource] - {dataSource-1} closed
2020-03-01 12:56:28,306 INFO [org.springframework.test.context.support.DefaultTestContextBootstrapper] - Loaded default TestExecutionListener class names from location [META-INF/spring.factories]: [org.springframework.test.context.web.ServletTestExecutionListener, org.springframework.test.context.support.DirtiesContextBeforeModesTestExecutionListener, org.springframework.test.context.support.DependencyInjectionTestExecutionListener, org.springframework.test.context.support.DirtiesContextTestExecutionListener, org.springframework.test.context.transaction.TransactionalTestExecutionListener, org.springframework.test.context.jdbc.SqlScriptsTestExecutionListener]
2020-03-01 12:56:28,376 INFO [org.springframework.test.context.support.DefaultTestContextBootstrapper] - Using TestExecutionListeners: [org.springframework.test.context.web.ServletTestExecutionListener@5276e6b0, org.springframework.test.context.support.DirtiesContextBeforeModesTestExecutionListener@71b1176b, org.springframework.test.context.support.DependencyInjectionTestExecutionListener@6193932a, org.springframework.test.context.support.DirtiesContextTestExecutionListener@647fd8ce, org.springframework.test.context.transaction.TransactionalTestExecutionListener@159f197, org.springframework.test.context.jdbc.SqlScriptsTestExecutionListener@78aab498]
2020-03-01 12:56:28,670 INFO [org.springframework.beans.factory.xml.XmlBeanDefinitionReader] - Loading XML bean definitions from class path resource [spring-context.xml]
2020-03-01 12:56:29,358 INFO [org.springframework.beans.factory.xml.XmlBeanDefinitionReader] - Loading XML bean definitions from class path resource [spring-context-druid.xml]
2020-03-01 12:56:29,505 INFO [org.springframework.beans.factory.xml.XmlBeanDefinitionReader] - Loading XML bean definitions from class path resource [spring-context-mybatis.xml]
2020-03-01 12:56:29,631 INFO [org.springframework.context.support.GenericApplicationContext] - Refreshing org.springframework.context.support.GenericApplicationContext@7193666c: startup date [Sun Mar 01 12:56:29 CST 2020]; root of context hierarchy
2020-03-01 12:56:32,348 INFO [com.alibaba.druid.pool.DruidDataSource] - {dataSource-1} inited
2020-03-01 12:56:33,990 INFO [org.springframework.context.support.GenericApplicationContext] - Closing org.springframework.context.support.GenericApplicationContext@7193666c: startup date [Sun Mar 01 12:56:29 CST 2020]; root of context hierarchy
2020-03-01 12:56:34,003 INFO [com.alibaba.druid.pool.DruidDataSource] - {dataSource-1} closed
2020-03-01 12:56:34,619 INFO [org.springframework.test.context.support.DefaultTestContextBootstrapper] - Loaded default TestExecutionListener class names from location [META-INF/spring.factories]: [org.springframework.test.context.web.ServletTestExecutionListener, org.springframework.test.context.support.DirtiesContextBeforeModesTestExecutionListener, org.springframework.test.context.support.DependencyInjectionTestExecutionListener, org.springframework.test.context.support.DirtiesContextTestExecutionListener, org.springframework.test.context.transaction.TransactionalTestExecutionListener, org.springframework.test.context.jdbc.SqlScriptsTestExecutionListener]
2020-03-01 12:56:34,781 INFO [org.springframework.test.context.support.DefaultTestContextBootstrapper] - Using TestExecutionListeners: [org.springframework.test.context.web.ServletTestExecutionListener@47c62251, org.springframework.test.context.support.DirtiesContextBeforeModesTestExecutionListener@3e6fa38a, org.springframework.test.context.support.DependencyInjectionTestExecutionListener@66a3ffec, org.springframework.test.context.support.DirtiesContextTestExecutionListener@77caeb3e, org.springframework.test.context.transaction.TransactionalTestExecutionListener@1e88b3c, org.springframework.test.context.jdbc.SqlScriptsTestExecutionListener@42d80b78]
2020-03-01 12:56:35,152 INFO [org.springframework.beans.factory.xml.XmlBeanDefinitionReader] - Loading XML bean definitions from class path resource [spring-context.xml]
2020-03-01 12:56:36,628 INFO [org.springframework.beans.factory.xml.XmlBeanDefinitionReader] - Loading XML bean definitions from class path resource [spring-context-druid.xml]
2020-03-01 12:56:36,816 INFO [org.springframework.beans.factory.xml.XmlBeanDefinitionReader] - Loading XML bean definitions from class path resource [spring-context-mybatis.xml]
2020-03-01 12:56:36,916 INFO [org.springframework.context.support.GenericApplicationContext] - Refreshing org.springframework.context.support.GenericApplicationContext@71423665: startup date [Sun Mar 01 12:56:36 CST 2020]; root of context hierarchy
2020-03-01 12:56:40,564 INFO [com.alibaba.druid.pool.DruidDataSource] - {dataSource-1} inited
2020-03-01 12:56:41,962 INFO [org.springframework.context.support.GenericApplicationContext] - Closing org.springframework.context.support.GenericApplicationContext@71423665: startup date [Sun Mar 01 12:56:36 CST 2020]; root of context hierarchy
2020-03-01 12:56:42,015 INFO [com.alibaba.druid.pool.DruidDataSource] - {dataSource-1} closed
